The system is: Darwin - 19.6.0 - x86_64
Compiling the C compiler identification source file "CMakeCCompilerId.c" succeeded.
Compiler: /usr/local/bin/gcc-11 
Build flags: 
Id flags:  

The output was:
0


Compilation of the C compiler identification source "CMakeCCompilerId.c" produced "a.out"

The C compiler identification is GNU, found in "/Users/2004np/Programming/lang/build/CMakeFiles/3.23.3/CompilerIdC/a.out"

Compiling the CXX compiler identification source file "CMakeCXXCompilerId.cpp" succeeded.
Compiler: /usr/local/bin/g++-11 
Build flags: 
Id flags:  

The output was:
0


Compilation of the CXX compiler identification source "CMakeCXXCompilerId.cpp" produced "a.out"

The CXX compiler identification is GNU, found in "/Users/2004np/Programming/lang/build/CMakeFiles/3.23.3/CompilerIdCXX/a.out"

Detecting C compiler ABI info compiled with the following output:
Change Dir: /Users/2004np/Programming/lang/build/CMakeFiles/CMakeTmp

Run Build Command(s):/usr/local/bin/gmake -f Makefile cmTC_8edd4/fast && /usr/local/bin/gmake  -f CMakeFiles/cmTC_8edd4.dir/build.make CMakeFiles/cmTC_8edd4.dir/build
gmake[1]: Entering directory '/Users/2004np/Programming/lang/build/CMakeFiles/CMakeTmp'
Building C object CMakeFiles/cmTC_8edd4.dir/CMakeCCompilerABI.c.o
/usr/local/bin/gcc-11   -isysroot /Library/Developer/CommandLineTools/SDKs/MacOSX11.1.sdk -mmacosx-version-min=10.15   -v -Wl,-v -o CMakeFiles/cmTC_8edd4.dir/CMakeCCompilerABI.c.o -c /opt/local/share/cmake-3.23/Modules/CMakeCCompilerABI.c
Using built-in specs.
COLLECT_GCC=/usr/local/bin/gcc-11
Target: x86_64-apple-darwin19
Configured with: ../configure --prefix=/usr/local/opt/gcc --libdir=/usr/local/opt/gcc/lib/gcc/11 --disable-nls --enable-checking=release --with-gcc-major-version-only --enable-languages=c,c++,objc,obj-c++,fortran,d --program-suffix=-11 --with-gmp=/usr/local/opt/gmp --with-mpfr=/usr/local/opt/mpfr --with-mpc=/usr/local/opt/libmpc --with-isl=/usr/local/opt/isl --with-zstd=/usr/local/opt/zstd --with-pkgversion='Homebrew GCC 11.3.0_1' --with-bugurl=https://github.com/Homebrew/homebrew-core/issues --enable-libphobos --build=x86_64-apple-darwin19 --with-system-zlib --with-sysroot=/Library/Developer/CommandLineTools/SDKs/MacOSX10.15.sdk
Thread model: posix
Supported LTO compression algorithms: zlib zstd
gcc version 11.3.0 (Homebrew GCC 11.3.0_1) 
COLLECT_GCC_OPTIONS='-isysroot' '/Library/Developer/CommandLineTools/SDKs/MacOSX11.1.sdk' '-v' '-o' 'CMakeFiles/cmTC_8edd4.dir/CMakeCCompilerABI.c.o' '-c' '-mmacosx-version-min=10.15' '-asm_macosx_version_min=10.15' '-nodefaultexport' '-mtune=core2' '-dumpdir' 'CMakeFiles/cmTC_8edd4.dir/'
 /usr/local/Cellar/gcc/11.3.0_1/bin/../libexec/gcc/x86_64-apple-darwin19/11/cc1 -quiet -v -iprefix /usr/local/Cellar/gcc/11.3.0_1/bin/../lib/gcc/11/gcc/x86_64-apple-darwin19/11/ -D__DYNAMIC__ -isysroot /Library/Developer/CommandLineTools/SDKs/MacOSX11.1.sdk /opt/local/share/cmake-3.23/Modules/CMakeCCompilerABI.c -fPIC -quiet -dumpdir CMakeFiles/cmTC_8edd4.dir/ -dumpbase CMakeCCompilerABI.c.c -dumpbase-ext .c -mmacosx-version-min=10.15 -mtune=core2 -version -o /var/folders/fl/z1s3p4z16r77230k27sj44jw0000gq/T//cc2E5kbR.s
GNU C17 (Homebrew GCC 11.3.0_1) version 11.3.0 (x86_64-apple-darwin19)
	compiled by GNU C version 11.3.0, GMP version 6.2.1, MPFR version 4.1.0, MPC version 1.2.1, isl version isl-0.25-GMP

warning: MPFR header version 4.1.0 differs from library version 4.2.0.
warning: MPC header version 1.2.1 differs from library version 1.3.1.
GGC heuristics: --param ggc-min-expand=100 --param ggc-min-heapsize=131072
ignoring nonexistent directory "/usr/local/Cellar/gcc/11.3.0_1/bin/../lib/gcc/11/gcc/x86_64-apple-darwin19/11/../../../../../../x86_64-apple-darwin19/include"
ignoring duplicate directory "/usr/local/Cellar/gcc/11.3.0_1/bin/../lib/gcc/11/gcc/../../../../lib/gcc/11/gcc/x86_64-apple-darwin19/11/include"
ignoring nonexistent directory "/Library/Developer/CommandLineTools/SDKs/MacOSX11.1.sdk/usr/local/include"
ignoring duplicate directory "/usr/local/Cellar/gcc/11.3.0_1/bin/../lib/gcc/11/gcc/../../../../lib/gcc/11/gcc/x86_64-apple-darwin19/11/include-fixed"
ignoring nonexistent directory "/usr/local/Cellar/gcc/11.3.0_1/bin/../lib/gcc/11/gcc/../../../../lib/gcc/11/gcc/x86_64-apple-darwin19/11/../../../../../../x86_64-apple-darwin19/include"
ignoring nonexistent directory "/Library/Developer/CommandLineTools/SDKs/MacOSX11.1.sdk/Library/Frameworks"
#include "..." search starts here:
#include <...> search starts here:
 /usr/local/Cellar/gcc/11.3.0_1/bin/../lib/gcc/11/gcc/x86_64-apple-darwin19/11/include
 /usr/local/Cellar/gcc/11.3.0_1/bin/../lib/gcc/11/gcc/x86_64-apple-darwin19/11/include-fixed
 /Library/Developer/CommandLineTools/SDKs/MacOSX11.1.sdk/usr/include
 /Library/Developer/CommandLineTools/SDKs/MacOSX11.1.sdk/System/Library/Frameworks
End of search list.
GNU C17 (Homebrew GCC 11.3.0_1) version 11.3.0 (x86_64-apple-darwin19)
	compiled by GNU C version 11.3.0, GMP version 6.2.1, MPFR version 4.1.0, MPC version 1.2.1, isl version isl-0.25-GMP

warning: MPFR header version 4.1.0 differs from library version 4.2.0.
warning: MPC header version 1.2.1 differs from library version 1.3.1.
GGC heuristics: --param ggc-min-expand=100 --param ggc-min-heapsize=131072
Compiler executable checksum: bedde179d7aa1228b62f7b9515e4ec21
COLLECT_GCC_OPTIONS='-isysroot' '/Library/Developer/CommandLineTools/SDKs/MacOSX11.1.sdk' '-v' '-o' 'CMakeFiles/cmTC_8edd4.dir/CMakeCCompilerABI.c.o' '-c' '-mmacosx-version-min=10.15'  '-nodefaultexport' '-mtune=core2' '-dumpdir' 'CMakeFiles/cmTC_8edd4.dir/'
 as -arch x86_64 -v -mmacosx-version-min=10.15 -force_cpusubtype_ALL -o CMakeFiles/cmTC_8edd4.dir/CMakeCCompilerABI.c.o /var/folders/fl/z1s3p4z16r77230k27sj44jw0000gq/T//cc2E5kbR.s
Apple clang version 12.0.0 (clang-1200.0.32.29)
Target: x86_64-apple-darwin19.6.0
Thread model: posix
InstalledDir: /Library/Developer/CommandLineTools/usr/bin
 "/Library/Developer/CommandLineTools/usr/bin/clang" -cc1as -triple x86_64-apple-macosx10.15.0 -filetype obj -main-file-name cc2E5kbR.s -target-cpu penryn -fdebug-compilation-dir /Users/2004np/Programming/lang/build/CMakeFiles/CMakeTmp -dwarf-debug-producer "Apple clang version 12.0.0 (clang-1200.0.32.29)" -dwarf-version=4 -mrelocation-model pic -o CMakeFiles/cmTC_8edd4.dir/CMakeCCompilerABI.c.o /var/folders/fl/z1s3p4z16r77230k27sj44jw0000gq/T//cc2E5kbR.s
COMPILER_PATH=/usr/local/Cellar/gcc/11.3.0_1/bin/../libexec/gcc/x86_64-apple-darwin19/11/:/usr/local/Cellar/gcc/11.3.0_1/bin/../libexec/gcc/
LIBRARY_PATH=/usr/local/Cellar/gcc/11.3.0_1/bin/../lib/gcc/11/gcc/x86_64-apple-darwin19/11/:/usr/local/Cellar/gcc/11.3.0_1/bin/../lib/gcc/11/gcc/:/usr/local/Cellar/gcc/11.3.0_1/bin/../lib/gcc/11/gcc/x86_64-apple-darwin19/11/../../../
COLLECT_GCC_OPTIONS='-isysroot' '/Library/Developer/CommandLineTools/SDKs/MacOSX11.1.sdk' '-v' '-o' 'CMakeFiles/cmTC_8edd4.dir/CMakeCCompilerABI.c.o' '-c' '-mmacosx-version-min=10.15'  '-nodefaultexport' '-mtune=core2' '-dumpdir' 'CMakeFiles/cmTC_8edd4.dir/CMakeCCompilerABI.c.'
Linking C executable cmTC_8edd4
/opt/local/bin/cmake -E cmake_link_script CMakeFiles/cmTC_8edd4.dir/link.txt --verbose=1
/usr/local/bin/gcc-11  -isysroot /Library/Developer/CommandLineTools/SDKs/MacOSX11.1.sdk -mmacosx-version-min=10.15 -Wl,-search_paths_first -Wl,-headerpad_max_install_names  -v -Wl,-v CMakeFiles/cmTC_8edd4.dir/CMakeCCompilerABI.c.o -o cmTC_8edd4 
Using built-in specs.
COLLECT_GCC=/usr/local/bin/gcc-11
COLLECT_LTO_WRAPPER=/usr/local/Cellar/gcc/11.3.0_1/bin/../libexec/gcc/x86_64-apple-darwin19/11/lto-wrapper
Target: x86_64-apple-darwin19
Configured with: ../configure --prefix=/usr/local/opt/gcc --libdir=/usr/local/opt/gcc/lib/gcc/11 --disable-nls --enable-checking=release --with-gcc-major-version-only --enable-languages=c,c++,objc,obj-c++,fortran,d --program-suffix=-11 --with-gmp=/usr/local/opt/gmp --with-mpfr=/usr/local/opt/mpfr --with-mpc=/usr/local/opt/libmpc --with-isl=/usr/local/opt/isl --with-zstd=/usr/local/opt/zstd --with-pkgversion='Homebrew GCC 11.3.0_1' --with-bugurl=https://github.com/Homebrew/homebrew-core/issues --enable-libphobos --build=x86_64-apple-darwin19 --with-system-zlib --with-sysroot=/Library/Developer/CommandLineTools/SDKs/MacOSX10.15.sdk
Thread model: posix
Supported LTO compression algorithms: zlib zstd
gcc version 11.3.0 (Homebrew GCC 11.3.0_1) 
COMPILER_PATH=/usr/local/Cellar/gcc/11.3.0_1/bin/../libexec/gcc/x86_64-apple-darwin19/11/:/usr/local/Cellar/gcc/11.3.0_1/bin/../libexec/gcc/
LIBRARY_PATH=/usr/local/Cellar/gcc/11.3.0_1/bin/../lib/gcc/11/gcc/x86_64-apple-darwin19/11/:/usr/local/Cellar/gcc/11.3.0_1/bin/../lib/gcc/11/gcc/:/usr/local/Cellar/gcc/11.3.0_1/bin/../lib/gcc/11/gcc/x86_64-apple-darwin19/11/../../../
COLLECT_GCC_OPTIONS='-isysroot' '/Library/Developer/CommandLineTools/SDKs/MacOSX11.1.sdk' '-v' '-o' 'cmTC_8edd4' '-mmacosx-version-min=10.15' '-asm_macosx_version_min=10.15' '-nodefaultexport' '-mtune=core2' '-dumpdir' 'cmTC_8edd4.'
 /usr/local/Cellar/gcc/11.3.0_1/bin/../libexec/gcc/x86_64-apple-darwin19/11/collect2 -dynamic -arch x86_64 -syslibroot /Library/Developer/CommandLineTools/SDKs/MacOSX11.1.sdk -macosx_version_min 10.15 -o cmTC_8edd4 -L/usr/local/Cellar/gcc/11.3.0_1/bin/../lib/gcc/11/gcc/x86_64-apple-darwin19/11 -L/usr/local/Cellar/gcc/11.3.0_1/bin/../lib/gcc/11/gcc -L/usr/local/Cellar/gcc/11.3.0_1/bin/../lib/gcc/11/gcc/x86_64-apple-darwin19/11/../../.. -search_paths_first -headerpad_max_install_names -v CMakeFiles/cmTC_8edd4.dir/CMakeCCompilerABI.c.o -lemutls_w -lgcc -lSystem -no_compact_unwind
collect2 version 11.3.0
/usr/bin/ld -dynamic -arch x86_64 -syslibroot /Library/Developer/CommandLineTools/SDKs/MacOSX11.1.sdk -macosx_version_min 10.15 -o cmTC_8edd4 -L/usr/local/Cellar/gcc/11.3.0_1/bin/../lib/gcc/11/gcc/x86_64-apple-darwin19/11 -L/usr/local/Cellar/gcc/11.3.0_1/bin/../lib/gcc/11/gcc -L/usr/local/Cellar/gcc/11.3.0_1/bin/../lib/gcc/11/gcc/x86_64-apple-darwin19/11/../../.. -search_paths_first -headerpad_max_install_names -v CMakeFiles/cmTC_8edd4.dir/CMakeCCompilerABI.c.o -lemutls_w -lgcc -lSystem -no_compact_unwind
@(#)PROGRAM:ld  PROJECT:ld64-609.8
BUILD 15:07:46 Dec 18 2020
configured to support archs: armv6 armv7 armv7s arm64 arm64e arm64_32 i386 x86_64 x86_64h armv6m armv7k armv7m armv7em
Library search paths:
	/usr/local/Cellar/gcc/11.3.0_1/lib/gcc/11/gcc/x86_64-apple-darwin19/11
	/usr/local/Cellar/gcc/11.3.0_1/lib/gcc/11/gcc
	/usr/local/Cellar/gcc/11.3.0_1/lib/gcc/11
	/Library/Developer/CommandLineTools/SDKs/MacOSX11.1.sdk/usr/lib
Framework search paths:
	/Library/Developer/CommandLineTools/SDKs/MacOSX11.1.sdk/System/Library/Frameworks/
gmake[1]: Leaving directory '/Users/2004np/Programming/lang/build/CMakeFiles/CMakeTmp'



Parsed C implicit include dir info from above output: rv=done
  found start of include info
  found start of implicit include info
    add: [/usr/local/Cellar/gcc/11.3.0_1/bin/../lib/gcc/11/gcc/x86_64-apple-darwin19/11/include]
    add: [/usr/local/Cellar/gcc/11.3.0_1/bin/../lib/gcc/11/gcc/x86_64-apple-darwin19/11/include-fixed]
    add: [/Library/Developer/CommandLineTools/SDKs/MacOSX11.1.sdk/usr/include]
    add: [/Library/Developer/CommandLineTools/SDKs/MacOSX11.1.sdk/System/Library/Frameworks]
  end of search list found
  collapse include dir [/usr/local/Cellar/gcc/11.3.0_1/bin/../lib/gcc/11/gcc/x86_64-apple-darwin19/11/include] ==> [/usr/local/Cellar/gcc/11.3.0_1/lib/gcc/11/gcc/x86_64-apple-darwin19/11/include]
  collapse include dir [/usr/local/Cellar/gcc/11.3.0_1/bin/../lib/gcc/11/gcc/x86_64-apple-darwin19/11/include-fixed] ==> [/usr/local/Cellar/gcc/11.3.0_1/lib/gcc/11/gcc/x86_64-apple-darwin19/11/include-fixed]
  collapse include dir [/Library/Developer/CommandLineTools/SDKs/MacOSX11.1.sdk/usr/include] ==> [/Library/Developer/CommandLineTools/SDKs/MacOSX11.1.sdk/usr/include]
  collapse include dir [/Library/Developer/CommandLineTools/SDKs/MacOSX11.1.sdk/System/Library/Frameworks] ==> [/Library/Developer/CommandLineTools/SDKs/MacOSX11.1.sdk/System/Library/Frameworks]
  implicit include dirs: [/usr/local/Cellar/gcc/11.3.0_1/lib/gcc/11/gcc/x86_64-apple-darwin19/11/include;/usr/local/Cellar/gcc/11.3.0_1/lib/gcc/11/gcc/x86_64-apple-darwin19/11/include-fixed;/Library/Developer/CommandLineTools/SDKs/MacOSX11.1.sdk/usr/include;/Library/Developer/CommandLineTools/SDKs/MacOSX11.1.sdk/System/Library/Frameworks]


Parsed C implicit link information from above output:
  link line regex: [^( *|.*[/\])(ld|CMAKE_LINK_STARTFILE-NOTFOUND|([^/\]+-)?ld|collect2)[^/\]*( |$)]
  ignore line: [Change Dir: /Users/2004np/Programming/lang/build/CMakeFiles/CMakeTmp]
  ignore line: []
  ignore line: [Run Build Command(s):/usr/local/bin/gmake -f Makefile cmTC_8edd4/fast && /usr/local/bin/gmake  -f CMakeFiles/cmTC_8edd4.dir/build.make CMakeFiles/cmTC_8edd4.dir/build]
  ignore line: [gmake[1]: Entering directory '/Users/2004np/Programming/lang/build/CMakeFiles/CMakeTmp']
  ignore line: [Building C object CMakeFiles/cmTC_8edd4.dir/CMakeCCompilerABI.c.o]
  ignore line: [/usr/local/bin/gcc-11   -isysroot /Library/Developer/CommandLineTools/SDKs/MacOSX11.1.sdk -mmacosx-version-min=10.15   -v -Wl -v -o CMakeFiles/cmTC_8edd4.dir/CMakeCCompilerABI.c.o -c /opt/local/share/cmake-3.23/Modules/CMakeCCompilerABI.c]
  ignore line: [Using built-in specs.]
  ignore line: [COLLECT_GCC=/usr/local/bin/gcc-11]
  ignore line: [Target: x86_64-apple-darwin19]
  ignore line: [Configured with: ../configure --prefix=/usr/local/opt/gcc --libdir=/usr/local/opt/gcc/lib/gcc/11 --disable-nls --enable-checking=release --with-gcc-major-version-only --enable-languages=c c++ objc obj-c++ fortran d --program-suffix=-11 --with-gmp=/usr/local/opt/gmp --with-mpfr=/usr/local/opt/mpfr --with-mpc=/usr/local/opt/libmpc --with-isl=/usr/local/opt/isl --with-zstd=/usr/local/opt/zstd --with-pkgversion='Homebrew GCC 11.3.0_1' --with-bugurl=https://github.com/Homebrew/homebrew-core/issues --enable-libphobos --build=x86_64-apple-darwin19 --with-system-zlib --with-sysroot=/Library/Developer/CommandLineTools/SDKs/MacOSX10.15.sdk]
  ignore line: [Thread model: posix]
  ignore line: [Supported LTO compression algorithms: zlib zstd]
  ignore line: [gcc version 11.3.0 (Homebrew GCC 11.3.0_1) ]
  ignore line: [COLLECT_GCC_OPTIONS='-isysroot' '/Library/Developer/CommandLineTools/SDKs/MacOSX11.1.sdk' '-v' '-o' 'CMakeFiles/cmTC_8edd4.dir/CMakeCCompilerABI.c.o' '-c' '-mmacosx-version-min=10.15' '-asm_macosx_version_min=10.15' '-nodefaultexport' '-mtune=core2' '-dumpdir' 'CMakeFiles/cmTC_8edd4.dir/']
  ignore line: [ /usr/local/Cellar/gcc/11.3.0_1/bin/../libexec/gcc/x86_64-apple-darwin19/11/cc1 -quiet -v -iprefix /usr/local/Cellar/gcc/11.3.0_1/bin/../lib/gcc/11/gcc/x86_64-apple-darwin19/11/ -D__DYNAMIC__ -isysroot /Library/Developer/CommandLineTools/SDKs/MacOSX11.1.sdk /opt/local/share/cmake-3.23/Modules/CMakeCCompilerABI.c -fPIC -quiet -dumpdir CMakeFiles/cmTC_8edd4.dir/ -dumpbase CMakeCCompilerABI.c.c -dumpbase-ext .c -mmacosx-version-min=10.15 -mtune=core2 -version -o /var/folders/fl/z1s3p4z16r77230k27sj44jw0000gq/T//cc2E5kbR.s]
  ignore line: [GNU C17 (Homebrew GCC 11.3.0_1) version 11.3.0 (x86_64-apple-darwin19)]
  ignore line: [	compiled by GNU C version 11.3.0  GMP version 6.2.1  MPFR version 4.1.0  MPC version 1.2.1  isl version isl-0.25-GMP]
  ignore line: []
  ignore line: [warning: MPFR header version 4.1.0 differs from library version 4.2.0.]
  ignore line: [warning: MPC header version 1.2.1 differs from library version 1.3.1.]
  ignore line: [GGC heuristics: --param ggc-min-expand=100 --param ggc-min-heapsize=131072]
  ignore line: [ignoring nonexistent directory "/usr/local/Cellar/gcc/11.3.0_1/bin/../lib/gcc/11/gcc/x86_64-apple-darwin19/11/../../../../../../x86_64-apple-darwin19/include"]
  ignore line: [ignoring duplicate directory "/usr/local/Cellar/gcc/11.3.0_1/bin/../lib/gcc/11/gcc/../../../../lib/gcc/11/gcc/x86_64-apple-darwin19/11/include"]
  ignore line: [ignoring nonexistent directory "/Library/Developer/CommandLineTools/SDKs/MacOSX11.1.sdk/usr/local/include"]
  ignore line: [ignoring duplicate directory "/usr/local/Cellar/gcc/11.3.0_1/bin/../lib/gcc/11/gcc/../../../../lib/gcc/11/gcc/x86_64-apple-darwin19/11/include-fixed"]
  ignore line: [ignoring nonexistent directory "/usr/local/Cellar/gcc/11.3.0_1/bin/../lib/gcc/11/gcc/../../../../lib/gcc/11/gcc/x86_64-apple-darwin19/11/../../../../../../x86_64-apple-darwin19/include"]
  ignore line: [ignoring nonexistent directory "/Library/Developer/CommandLineTools/SDKs/MacOSX11.1.sdk/Library/Frameworks"]
  ignore line: [#include "..." search starts here:]
  ignore line: [#include <...> search starts here:]
  ignore line: [ /usr/local/Cellar/gcc/11.3.0_1/bin/../lib/gcc/11/gcc/x86_64-apple-darwin19/11/include]
  ignore line: [ /usr/local/Cellar/gcc/11.3.0_1/bin/../lib/gcc/11/gcc/x86_64-apple-darwin19/11/include-fixed]
  ignore line: [ /Library/Developer/CommandLineTools/SDKs/MacOSX11.1.sdk/usr/include]
  ignore line: [ /Library/Developer/CommandLineTools/SDKs/MacOSX11.1.sdk/System/Library/Frameworks]
  ignore line: [End of search list.]
  ignore line: [GNU C17 (Homebrew GCC 11.3.0_1) version 11.3.0 (x86_64-apple-darwin19)]
  ignore line: [	compiled by GNU C version 11.3.0  GMP version 6.2.1  MPFR version 4.1.0  MPC version 1.2.1  isl version isl-0.25-GMP]
  ignore line: []
  ignore line: [warning: MPFR header version 4.1.0 differs from library version 4.2.0.]
  ignore line: [warning: MPC header version 1.2.1 differs from library version 1.3.1.]
  ignore line: [GGC heuristics: --param ggc-min-expand=100 --param ggc-min-heapsize=131072]
  ignore line: [Compiler executable checksum: bedde179d7aa1228b62f7b9515e4ec21]
  ignore line: [COLLECT_GCC_OPTIONS='-isysroot' '/Library/Developer/CommandLineTools/SDKs/MacOSX11.1.sdk' '-v' '-o' 'CMakeFiles/cmTC_8edd4.dir/CMakeCCompilerABI.c.o' '-c' '-mmacosx-version-min=10.15'  '-nodefaultexport' '-mtune=core2' '-dumpdir' 'CMakeFiles/cmTC_8edd4.dir/']
  ignore line: [ as -arch x86_64 -v -mmacosx-version-min=10.15 -force_cpusubtype_ALL -o CMakeFiles/cmTC_8edd4.dir/CMakeCCompilerABI.c.o /var/folders/fl/z1s3p4z16r77230k27sj44jw0000gq/T//cc2E5kbR.s]
  ignore line: [Apple clang version 12.0.0 (clang-1200.0.32.29)]
  ignore line: [Target: x86_64-apple-darwin19.6.0]
  ignore line: [Thread model: posix]
  ignore line: [InstalledDir: /Library/Developer/CommandLineTools/usr/bin]
  ignore line: [ "/Library/Developer/CommandLineTools/usr/bin/clang" -cc1as -triple x86_64-apple-macosx10.15.0 -filetype obj -main-file-name cc2E5kbR.s -target-cpu penryn -fdebug-compilation-dir /Users/2004np/Programming/lang/build/CMakeFiles/CMakeTmp -dwarf-debug-producer "Apple clang version 12.0.0 (clang-1200.0.32.29)" -dwarf-version=4 -mrelocation-model pic -o CMakeFiles/cmTC_8edd4.dir/CMakeCCompilerABI.c.o /var/folders/fl/z1s3p4z16r77230k27sj44jw0000gq/T//cc2E5kbR.s]
  ignore line: [COMPILER_PATH=/usr/local/Cellar/gcc/11.3.0_1/bin/../libexec/gcc/x86_64-apple-darwin19/11/:/usr/local/Cellar/gcc/11.3.0_1/bin/../libexec/gcc/]
  ignore line: [LIBRARY_PATH=/usr/local/Cellar/gcc/11.3.0_1/bin/../lib/gcc/11/gcc/x86_64-apple-darwin19/11/:/usr/local/Cellar/gcc/11.3.0_1/bin/../lib/gcc/11/gcc/:/usr/local/Cellar/gcc/11.3.0_1/bin/../lib/gcc/11/gcc/x86_64-apple-darwin19/11/../../../]
  ignore line: [COLLECT_GCC_OPTIONS='-isysroot' '/Library/Developer/CommandLineTools/SDKs/MacOSX11.1.sdk' '-v' '-o' 'CMakeFiles/cmTC_8edd4.dir/CMakeCCompilerABI.c.o' '-c' '-mmacosx-version-min=10.15'  '-nodefaultexport' '-mtune=core2' '-dumpdir' 'CMakeFiles/cmTC_8edd4.dir/CMakeCCompilerABI.c.']
  ignore line: [Linking C executable cmTC_8edd4]
  ignore line: [/opt/local/bin/cmake -E cmake_link_script CMakeFiles/cmTC_8edd4.dir/link.txt --verbose=1]
  ignore line: [/usr/local/bin/gcc-11  -isysroot /Library/Developer/CommandLineTools/SDKs/MacOSX11.1.sdk -mmacosx-version-min=10.15 -Wl -search_paths_first -Wl -headerpad_max_install_names  -v -Wl -v CMakeFiles/cmTC_8edd4.dir/CMakeCCompilerABI.c.o -o cmTC_8edd4 ]
  ignore line: [Using built-in specs.]
  ignore line: [COLLECT_GCC=/usr/local/bin/gcc-11]
  ignore line: [COLLECT_LTO_WRAPPER=/usr/local/Cellar/gcc/11.3.0_1/bin/../libexec/gcc/x86_64-apple-darwin19/11/lto-wrapper]
  ignore line: [Target: x86_64-apple-darwin19]
  ignore line: [Configured with: ../configure --prefix=/usr/local/opt/gcc --libdir=/usr/local/opt/gcc/lib/gcc/11 --disable-nls --enable-checking=release --with-gcc-major-version-only --enable-languages=c c++ objc obj-c++ fortran d --program-suffix=-11 --with-gmp=/usr/local/opt/gmp --with-mpfr=/usr/local/opt/mpfr --with-mpc=/usr/local/opt/libmpc --with-isl=/usr/local/opt/isl --with-zstd=/usr/local/opt/zstd --with-pkgversion='Homebrew GCC 11.3.0_1' --with-bugurl=https://github.com/Homebrew/homebrew-core/issues --enable-libphobos --build=x86_64-apple-darwin19 --with-system-zlib --with-sysroot=/Library/Developer/CommandLineTools/SDKs/MacOSX10.15.sdk]
  ignore line: [Thread model: posix]
  ignore line: [Supported LTO compression algorithms: zlib zstd]
  ignore line: [gcc version 11.3.0 (Homebrew GCC 11.3.0_1) ]
  ignore line: [COMPILER_PATH=/usr/local/Cellar/gcc/11.3.0_1/bin/../libexec/gcc/x86_64-apple-darwin19/11/:/usr/local/Cellar/gcc/11.3.0_1/bin/../libexec/gcc/]
  ignore line: [LIBRARY_PATH=/usr/local/Cellar/gcc/11.3.0_1/bin/../lib/gcc/11/gcc/x86_64-apple-darwin19/11/:/usr/local/Cellar/gcc/11.3.0_1/bin/../lib/gcc/11/gcc/:/usr/local/Cellar/gcc/11.3.0_1/bin/../lib/gcc/11/gcc/x86_64-apple-darwin19/11/../../../]
  ignore line: [COLLECT_GCC_OPTIONS='-isysroot' '/Library/Developer/CommandLineTools/SDKs/MacOSX11.1.sdk' '-v' '-o' 'cmTC_8edd4' '-mmacosx-version-min=10.15' '-asm_macosx_version_min=10.15' '-nodefaultexport' '-mtune=core2' '-dumpdir' 'cmTC_8edd4.']
  link line: [ /usr/local/Cellar/gcc/11.3.0_1/bin/../libexec/gcc/x86_64-apple-darwin19/11/collect2 -dynamic -arch x86_64 -syslibroot /Library/Developer/CommandLineTools/SDKs/MacOSX11.1.sdk -macosx_version_min 10.15 -o cmTC_8edd4 -L/usr/local/Cellar/gcc/11.3.0_1/bin/../lib/gcc/11/gcc/x86_64-apple-darwin19/11 -L/usr/local/Cellar/gcc/11.3.0_1/bin/../lib/gcc/11/gcc -L/usr/local/Cellar/gcc/11.3.0_1/bin/../lib/gcc/11/gcc/x86_64-apple-darwin19/11/../../.. -search_paths_first -headerpad_max_install_names -v CMakeFiles/cmTC_8edd4.dir/CMakeCCompilerABI.c.o -lemutls_w -lgcc -lSystem -no_compact_unwind]
    arg [/usr/local/Cellar/gcc/11.3.0_1/bin/../libexec/gcc/x86_64-apple-darwin19/11/collect2] ==> ignore
    arg [-dynamic] ==> ignore
    arg [-arch] ==> ignore
    arg [x86_64] ==> ignore
    arg [-syslibroot] ==> ignore
    arg [/Library/Developer/CommandLineTools/SDKs/MacOSX11.1.sdk] ==> ignore
    arg [-macosx_version_min] ==> ignore
    arg [10.15] ==> ignore
    arg [-o] ==> ignore
    arg [cmTC_8edd4] ==> ignore
    arg [-L/usr/local/Cellar/gcc/11.3.0_1/bin/../lib/gcc/11/gcc/x86_64-apple-darwin19/11] ==> dir [/usr/local/Cellar/gcc/11.3.0_1/bin/../lib/gcc/11/gcc/x86_64-apple-darwin19/11]
    arg [-L/usr/local/Cellar/gcc/11.3.0_1/bin/../lib/gcc/11/gcc] ==> dir [/usr/local/Cellar/gcc/11.3.0_1/bin/../lib/gcc/11/gcc]
    arg [-L/usr/local/Cellar/gcc/11.3.0_1/bin/../lib/gcc/11/gcc/x86_64-apple-darwin19/11/../../..] ==> dir [/usr/local/Cellar/gcc/11.3.0_1/bin/../lib/gcc/11/gcc/x86_64-apple-darwin19/11/../../..]
    arg [-search_paths_first] ==> ignore
    arg [-headerpad_max_install_names] ==> ignore
    arg [-v] ==> ignore
    arg [CMakeFiles/cmTC_8edd4.dir/CMakeCCompilerABI.c.o] ==> ignore
    arg [-lemutls_w] ==> lib [emutls_w]
    arg [-lgcc] ==> lib [gcc]
    arg [-lSystem] ==> lib [System]
    arg [-no_compact_unwind] ==> ignore
  Library search paths: [;/usr/local/Cellar/gcc/11.3.0_1/lib/gcc/11/gcc/x86_64-apple-darwin19/11;/usr/local/Cellar/gcc/11.3.0_1/lib/gcc/11/gcc;/usr/local/Cellar/gcc/11.3.0_1/lib/gcc/11;/Library/Developer/CommandLineTools/SDKs/MacOSX11.1.sdk/usr/lib]
  Framework search paths: [;/Library/Developer/CommandLineTools/SDKs/MacOSX11.1.sdk/System/Library/Frameworks/]
  remove lib [System]
  collapse library dir [/usr/local/Cellar/gcc/11.3.0_1/bin/../lib/gcc/11/gcc/x86_64-apple-darwin19/11] ==> [/usr/local/Cellar/gcc/11.3.0_1/lib/gcc/11/gcc/x86_64-apple-darwin19/11]
  collapse library dir [/usr/local/Cellar/gcc/11.3.0_1/bin/../lib/gcc/11/gcc] ==> [/usr/local/Cellar/gcc/11.3.0_1/lib/gcc/11/gcc]
  collapse library dir [/usr/local/Cellar/gcc/11.3.0_1/bin/../lib/gcc/11/gcc/x86_64-apple-darwin19/11/../../..] ==> [/usr/local/Cellar/gcc/11.3.0_1/lib/gcc/11]
  collapse library dir [/usr/local/Cellar/gcc/11.3.0_1/lib/gcc/11/gcc/x86_64-apple-darwin19/11] ==> [/usr/local/Cellar/gcc/11.3.0_1/lib/gcc/11/gcc/x86_64-apple-darwin19/11]
  collapse library dir [/usr/local/Cellar/gcc/11.3.0_1/lib/gcc/11/gcc] ==> [/usr/local/Cellar/gcc/11.3.0_1/lib/gcc/11/gcc]
  collapse library dir [/usr/local/Cellar/gcc/11.3.0_1/lib/gcc/11] ==> [/usr/local/Cellar/gcc/11.3.0_1/lib/gcc/11]
  collapse library dir [/Library/Developer/CommandLineTools/SDKs/MacOSX11.1.sdk/usr/lib] ==> [/Library/Developer/CommandLineTools/SDKs/MacOSX11.1.sdk/usr/lib]
  collapse framework dir [/Library/Developer/CommandLineTools/SDKs/MacOSX11.1.sdk/System/Library/Frameworks/] ==> [/Library/Developer/CommandLineTools/SDKs/MacOSX11.1.sdk/System/Library/Frameworks]
  implicit libs: [emutls_w;gcc]
  implicit objs: []
  implicit dirs: [/usr/local/Cellar/gcc/11.3.0_1/lib/gcc/11/gcc/x86_64-apple-darwin19/11;/usr/local/Cellar/gcc/11.3.0_1/lib/gcc/11/gcc;/usr/local/Cellar/gcc/11.3.0_1/lib/gcc/11;/Library/Developer/CommandLineTools/SDKs/MacOSX11.1.sdk/usr/lib]
  implicit fwks: [/Library/Developer/CommandLineTools/SDKs/MacOSX11.1.sdk/System/Library/Frameworks]


Detecting CXX compiler ABI info compiled with the following output:
Change Dir: /Users/2004np/Programming/lang/build/CMakeFiles/CMakeTmp

Run Build Command(s):/usr/local/bin/gmake -f Makefile cmTC_59a4d/fast && /usr/local/bin/gmake  -f CMakeFiles/cmTC_59a4d.dir/build.make CMakeFiles/cmTC_59a4d.dir/build
gmake[1]: Entering directory '/Users/2004np/Programming/lang/build/CMakeFiles/CMakeTmp'
Building CXX object CMakeFiles/cmTC_59a4d.dir/CMakeCXXCompilerABI.cpp.o
/usr/local/bin/g++-11   -isysroot /Library/Developer/CommandLineTools/SDKs/MacOSX11.1.sdk -mmacosx-version-min=10.15   -v -Wl,-v -o CMakeFiles/cmTC_59a4d.dir/CMakeCXXCompilerABI.cpp.o -c /opt/local/share/cmake-3.23/Modules/CMakeCXXCompilerABI.cpp
Using built-in specs.
COLLECT_GCC=/usr/local/bin/g++-11
Target: x86_64-apple-darwin19
Configured with: ../configure --prefix=/usr/local/opt/gcc --libdir=/usr/local/opt/gcc/lib/gcc/11 --disable-nls --enable-checking=release --with-gcc-major-version-only --enable-languages=c,c++,objc,obj-c++,fortran,d --program-suffix=-11 --with-gmp=/usr/local/opt/gmp --with-mpfr=/usr/local/opt/mpfr --with-mpc=/usr/local/opt/libmpc --with-isl=/usr/local/opt/isl --with-zstd=/usr/local/opt/zstd --with-pkgversion='Homebrew GCC 11.3.0_1' --with-bugurl=https://github.com/Homebrew/homebrew-core/issues --enable-libphobos --build=x86_64-apple-darwin19 --with-system-zlib --with-sysroot=/Library/Developer/CommandLineTools/SDKs/MacOSX10.15.sdk
Thread model: posix
Supported LTO compression algorithms: zlib zstd
gcc version 11.3.0 (Homebrew GCC 11.3.0_1) 
COLLECT_GCC_OPTIONS='-isysroot' '/Library/Developer/CommandLineTools/SDKs/MacOSX11.1.sdk' '-v' '-o' 'CMakeFiles/cmTC_59a4d.dir/CMakeCXXCompilerABI.cpp.o' '-c' '-mmacosx-version-min=10.15' '-asm_macosx_version_min=10.15' '-nodefaultexport' '-shared-libgcc' '-mtune=core2' '-dumpdir' 'CMakeFiles/cmTC_59a4d.dir/'
 /usr/local/Cellar/gcc/11.3.0_1/bin/../libexec/gcc/x86_64-apple-darwin19/11/cc1plus -quiet -v -iprefix /usr/local/Cellar/gcc/11.3.0_1/bin/../lib/gcc/11/gcc/x86_64-apple-darwin19/11/ -D__DYNAMIC__ -isysroot /Library/Developer/CommandLineTools/SDKs/MacOSX11.1.sdk /opt/local/share/cmake-3.23/Modules/CMakeCXXCompilerABI.cpp -fPIC -quiet -dumpdir CMakeFiles/cmTC_59a4d.dir/ -dumpbase CMakeCXXCompilerABI.cpp.cpp -dumpbase-ext .cpp -mmacosx-version-min=10.15 -mtune=core2 -version -o /var/folders/fl/z1s3p4z16r77230k27sj44jw0000gq/T//ccZzldVs.s
GNU C++17 (Homebrew GCC 11.3.0_1) version 11.3.0 (x86_64-apple-darwin19)
	compiled by GNU C version 11.3.0, GMP version 6.2.1, MPFR version 4.1.0, MPC version 1.2.1, isl version isl-0.25-GMP

warning: MPFR header version 4.1.0 differs from library version 4.2.0.
warning: MPC header version 1.2.1 differs from library version 1.3.1.
GGC heuristics: --param ggc-min-expand=100 --param ggc-min-heapsize=131072
ignoring nonexistent directory "/usr/local/Cellar/gcc/11.3.0_1/bin/../lib/gcc/11/gcc/x86_64-apple-darwin19/11/../../../../../../x86_64-apple-darwin19/include"
ignoring duplicate directory "/usr/local/Cellar/gcc/11.3.0_1/bin/../lib/gcc/11/gcc/../../../../lib/gcc/11/gcc/x86_64-apple-darwin19/11/../../../../../../include/c++/11"
ignoring duplicate directory "/usr/local/Cellar/gcc/11.3.0_1/bin/../lib/gcc/11/gcc/../../../../lib/gcc/11/gcc/x86_64-apple-darwin19/11/../../../../../../include/c++/11/x86_64-apple-darwin19"
ignoring duplicate directory "/usr/local/Cellar/gcc/11.3.0_1/bin/../lib/gcc/11/gcc/../../../../lib/gcc/11/gcc/x86_64-apple-darwin19/11/../../../../../../include/c++/11/backward"
ignoring duplicate directory "/usr/local/Cellar/gcc/11.3.0_1/bin/../lib/gcc/11/gcc/../../../../lib/gcc/11/gcc/x86_64-apple-darwin19/11/include"
ignoring nonexistent directory "/Library/Developer/CommandLineTools/SDKs/MacOSX11.1.sdk/usr/local/include"
ignoring duplicate directory "/usr/local/Cellar/gcc/11.3.0_1/bin/../lib/gcc/11/gcc/../../../../lib/gcc/11/gcc/x86_64-apple-darwin19/11/include-fixed"
ignoring nonexistent directory "/usr/local/Cellar/gcc/11.3.0_1/bin/../lib/gcc/11/gcc/../../../../lib/gcc/11/gcc/x86_64-apple-darwin19/11/../../../../../../x86_64-apple-darwin19/include"
ignoring nonexistent directory "/Library/Developer/CommandLineTools/SDKs/MacOSX11.1.sdk/Library/Frameworks"
#include "..." search starts here:
#include <...> search starts here:
 /usr/local/Cellar/gcc/11.3.0_1/bin/../lib/gcc/11/gcc/x86_64-apple-darwin19/11/../../../../../../include/c++/11
 /usr/local/Cellar/gcc/11.3.0_1/bin/../lib/gcc/11/gcc/x86_64-apple-darwin19/11/../../../../../../include/c++/11/x86_64-apple-darwin19
 /usr/local/Cellar/gcc/11.3.0_1/bin/../lib/gcc/11/gcc/x86_64-apple-darwin19/11/../../../../../../include/c++/11/backward
 /usr/local/Cellar/gcc/11.3.0_1/bin/../lib/gcc/11/gcc/x86_64-apple-darwin19/11/include
 /usr/local/Cellar/gcc/11.3.0_1/bin/../lib/gcc/11/gcc/x86_64-apple-darwin19/11/include-fixed
 /Library/Developer/CommandLineTools/SDKs/MacOSX11.1.sdk/usr/include
 /Library/Developer/CommandLineTools/SDKs/MacOSX11.1.sdk/System/Library/Frameworks
End of search list.
GNU C++17 (Homebrew GCC 11.3.0_1) version 11.3.0 (x86_64-apple-darwin19)
	compiled by GNU C version 11.3.0, GMP version 6.2.1, MPFR version 4.1.0, MPC version 1.2.1, isl version isl-0.25-GMP

warning: MPFR header version 4.1.0 differs from library version 4.2.0.
warning: MPC header version 1.2.1 differs from library version 1.3.1.
GGC heuristics: --param ggc-min-expand=100 --param ggc-min-heapsize=131072
Compiler executable checksum: 53d907d31ca1d622765a17f55a8aef6b
COLLECT_GCC_OPTIONS='-isysroot' '/Library/Developer/CommandLineTools/SDKs/MacOSX11.1.sdk' '-v' '-o' 'CMakeFiles/cmTC_59a4d.dir/CMakeCXXCompilerABI.cpp.o' '-c' '-mmacosx-version-min=10.15'  '-nodefaultexport' '-shared-libgcc' '-mtune=core2' '-dumpdir' 'CMakeFiles/cmTC_59a4d.dir/'
 as -arch x86_64 -v -mmacosx-version-min=10.15 -force_cpusubtype_ALL -o CMakeFiles/cmTC_59a4d.dir/CMakeCXXCompilerABI.cpp.o /var/folders/fl/z1s3p4z16r77230k27sj44jw0000gq/T//ccZzldVs.s
Apple clang version 12.0.0 (clang-1200.0.32.29)
Target: x86_64-apple-darwin19.6.0
Thread model: posix
InstalledDir: /Library/Developer/CommandLineTools/usr/bin
 "/Library/Developer/CommandLineTools/usr/bin/clang" -cc1as -triple x86_64-apple-macosx10.15.0 -filetype obj -main-file-name ccZzldVs.s -target-cpu penryn -fdebug-compilation-dir /Users/2004np/Programming/lang/build/CMakeFiles/CMakeTmp -dwarf-debug-producer "Apple clang version 12.0.0 (clang-1200.0.32.29)" -dwarf-version=4 -mrelocation-model pic -o CMakeFiles/cmTC_59a4d.dir/CMakeCXXCompilerABI.cpp.o /var/folders/fl/z1s3p4z16r77230k27sj44jw0000gq/T//ccZzldVs.s
COMPILER_PATH=/usr/local/Cellar/gcc/11.3.0_1/bin/../libexec/gcc/x86_64-apple-darwin19/11/:/usr/local/Cellar/gcc/11.3.0_1/bin/../libexec/gcc/
LIBRARY_PATH=/usr/local/Cellar/gcc/11.3.0_1/bin/../lib/gcc/11/gcc/x86_64-apple-darwin19/11/:/usr/local/Cellar/gcc/11.3.0_1/bin/../lib/gcc/11/gcc/:/usr/local/Cellar/gcc/11.3.0_1/bin/../lib/gcc/11/gcc/x86_64-apple-darwin19/11/../../../
COLLECT_GCC_OPTIONS='-isysroot' '/Library/Developer/CommandLineTools/SDKs/MacOSX11.1.sdk' '-v' '-o' 'CMakeFiles/cmTC_59a4d.dir/CMakeCXXCompilerABI.cpp.o' '-c' '-mmacosx-version-min=10.15'  '-nodefaultexport' '-shared-libgcc' '-mtune=core2' '-dumpdir' 'CMakeFiles/cmTC_59a4d.dir/CMakeCXXCompilerABI.cpp.'
Linking CXX executable cmTC_59a4d
/opt/local/bin/cmake -E cmake_link_script CMakeFiles/cmTC_59a4d.dir/link.txt --verbose=1
/usr/local/bin/g++-11  -isysroot /Library/Developer/CommandLineTools/SDKs/MacOSX11.1.sdk -mmacosx-version-min=10.15 -Wl,-search_paths_first -Wl,-headerpad_max_install_names  -v -Wl,-v CMakeFiles/cmTC_59a4d.dir/CMakeCXXCompilerABI.cpp.o -o cmTC_59a4d 
Using built-in specs.
COLLECT_GCC=/usr/local/bin/g++-11
COLLECT_LTO_WRAPPER=/usr/local/Cellar/gcc/11.3.0_1/bin/../libexec/gcc/x86_64-apple-darwin19/11/lto-wrapper
Target: x86_64-apple-darwin19
Configured with: ../configure --prefix=/usr/local/opt/gcc --libdir=/usr/local/opt/gcc/lib/gcc/11 --disable-nls --enable-checking=release --with-gcc-major-version-only --enable-languages=c,c++,objc,obj-c++,fortran,d --program-suffix=-11 --with-gmp=/usr/local/opt/gmp --with-mpfr=/usr/local/opt/mpfr --with-mpc=/usr/local/opt/libmpc --with-isl=/usr/local/opt/isl --with-zstd=/usr/local/opt/zstd --with-pkgversion='Homebrew GCC 11.3.0_1' --with-bugurl=https://github.com/Homebrew/homebrew-core/issues --enable-libphobos --build=x86_64-apple-darwin19 --with-system-zlib --with-sysroot=/Library/Developer/CommandLineTools/SDKs/MacOSX10.15.sdk
Thread model: posix
Supported LTO compression algorithms: zlib zstd
gcc version 11.3.0 (Homebrew GCC 11.3.0_1) 
COMPILER_PATH=/usr/local/Cellar/gcc/11.3.0_1/bin/../libexec/gcc/x86_64-apple-darwin19/11/:/usr/local/Cellar/gcc/11.3.0_1/bin/../libexec/gcc/
LIBRARY_PATH=/usr/local/Cellar/gcc/11.3.0_1/bin/../lib/gcc/11/gcc/x86_64-apple-darwin19/11/:/usr/local/Cellar/gcc/11.3.0_1/bin/../lib/gcc/11/gcc/:/usr/local/Cellar/gcc/11.3.0_1/bin/../lib/gcc/11/gcc/x86_64-apple-darwin19/11/../../../
COLLECT_GCC_OPTIONS='-isysroot' '/Library/Developer/CommandLineTools/SDKs/MacOSX11.1.sdk' '-v' '-o' 'cmTC_59a4d' '-mmacosx-version-min=10.15' '-asm_macosx_version_min=10.15' '-nodefaultexport' '-shared-libgcc' '-mtune=core2' '-dumpdir' 'cmTC_59a4d.'
 /usr/local/Cellar/gcc/11.3.0_1/bin/../libexec/gcc/x86_64-apple-darwin19/11/collect2 -dynamic -arch x86_64 -syslibroot /Library/Developer/CommandLineTools/SDKs/MacOSX11.1.sdk -macosx_version_min 10.15 -o cmTC_59a4d -L/usr/local/Cellar/gcc/11.3.0_1/bin/../lib/gcc/11/gcc/x86_64-apple-darwin19/11 -L/usr/local/Cellar/gcc/11.3.0_1/bin/../lib/gcc/11/gcc -L/usr/local/Cellar/gcc/11.3.0_1/bin/../lib/gcc/11/gcc/x86_64-apple-darwin19/11/../../.. -search_paths_first -headerpad_max_install_names -v CMakeFiles/cmTC_59a4d.dir/CMakeCXXCompilerABI.cpp.o -lstdc++ -lemutls_w -lgcc -lSystem -no_compact_unwind
collect2 version 11.3.0
/usr/bin/ld -dynamic -arch x86_64 -syslibroot /Library/Developer/CommandLineTools/SDKs/MacOSX11.1.sdk -macosx_version_min 10.15 -o cmTC_59a4d -L/usr/local/Cellar/gcc/11.3.0_1/bin/../lib/gcc/11/gcc/x86_64-apple-darwin19/11 -L/usr/local/Cellar/gcc/11.3.0_1/bin/../lib/gcc/11/gcc -L/usr/local/Cellar/gcc/11.3.0_1/bin/../lib/gcc/11/gcc/x86_64-apple-darwin19/11/../../.. -search_paths_first -headerpad_max_install_names -v CMakeFiles/cmTC_59a4d.dir/CMakeCXXCompilerABI.cpp.o -lstdc++ -lemutls_w -lgcc -lSystem -no_compact_unwind
@(#)PROGRAM:ld  PROJECT:ld64-609.8
BUILD 15:07:46 Dec 18 2020
configured to support archs: armv6 armv7 armv7s arm64 arm64e arm64_32 i386 x86_64 x86_64h armv6m armv7k armv7m armv7em
Library search paths:
	/usr/local/Cellar/gcc/11.3.0_1/lib/gcc/11/gcc/x86_64-apple-darwin19/11
	/usr/local/Cellar/gcc/11.3.0_1/lib/gcc/11/gcc
	/usr/local/Cellar/gcc/11.3.0_1/lib/gcc/11
	/Library/Developer/CommandLineTools/SDKs/MacOSX11.1.sdk/usr/lib
Framework search paths:
	/Library/Developer/CommandLineTools/SDKs/MacOSX11.1.sdk/System/Library/Frameworks/
gmake[1]: Leaving directory '/Users/2004np/Programming/lang/build/CMakeFiles/CMakeTmp'



Parsed CXX implicit include dir info from above output: rv=done
  found start of include info
  found start of implicit include info
    add: [/usr/local/Cellar/gcc/11.3.0_1/bin/../lib/gcc/11/gcc/x86_64-apple-darwin19/11/../../../../../../include/c++/11]
    add: [/usr/local/Cellar/gcc/11.3.0_1/bin/../lib/gcc/11/gcc/x86_64-apple-darwin19/11/../../../../../../include/c++/11/x86_64-apple-darwin19]
    add: [/usr/local/Cellar/gcc/11.3.0_1/bin/../lib/gcc/11/gcc/x86_64-apple-darwin19/11/../../../../../../include/c++/11/backward]
    add: [/usr/local/Cellar/gcc/11.3.0_1/bin/../lib/gcc/11/gcc/x86_64-apple-darwin19/11/include]
    add: [/usr/local/Cellar/gcc/11.3.0_1/bin/../lib/gcc/11/gcc/x86_64-apple-darwin19/11/include-fixed]
    add: [/Library/Developer/CommandLineTools/SDKs/MacOSX11.1.sdk/usr/include]
    add: [/Library/Developer/CommandLineTools/SDKs/MacOSX11.1.sdk/System/Library/Frameworks]
  end of search list found
  collapse include dir [/usr/local/Cellar/gcc/11.3.0_1/bin/../lib/gcc/11/gcc/x86_64-apple-darwin19/11/../../../../../../include/c++/11] ==> [/usr/local/Cellar/gcc/11.3.0_1/include/c++/11]
  collapse include dir [/usr/local/Cellar/gcc/11.3.0_1/bin/../lib/gcc/11/gcc/x86_64-apple-darwin19/11/../../../../../../include/c++/11/x86_64-apple-darwin19] ==> [/usr/local/Cellar/gcc/11.3.0_1/include/c++/11/x86_64-apple-darwin19]
  collapse include dir [/usr/local/Cellar/gcc/11.3.0_1/bin/../lib/gcc/11/gcc/x86_64-apple-darwin19/11/../../../../../../include/c++/11/backward] ==> [/usr/local/Cellar/gcc/11.3.0_1/include/c++/11/backward]
  collapse include dir [/usr/local/Cellar/gcc/11.3.0_1/bin/../lib/gcc/11/gcc/x86_64-apple-darwin19/11/include] ==> [/usr/local/Cellar/gcc/11.3.0_1/lib/gcc/11/gcc/x86_64-apple-darwin19/11/include]
  collapse include dir [/usr/local/Cellar/gcc/11.3.0_1/bin/../lib/gcc/11/gcc/x86_64-apple-darwin19/11/include-fixed] ==> [/usr/local/Cellar/gcc/11.3.0_1/lib/gcc/11/gcc/x86_64-apple-darwin19/11/include-fixed]
  collapse include dir [/Library/Developer/CommandLineTools/SDKs/MacOSX11.1.sdk/usr/include] ==> [/Library/Developer/CommandLineTools/SDKs/MacOSX11.1.sdk/usr/include]
  collapse include dir [/Library/Developer/CommandLineTools/SDKs/MacOSX11.1.sdk/System/Library/Frameworks] ==> [/Library/Developer/CommandLineTools/SDKs/MacOSX11.1.sdk/System/Library/Frameworks]
  implicit include dirs: [/usr/local/Cellar/gcc/11.3.0_1/include/c++/11;/usr/local/Cellar/gcc/11.3.0_1/include/c++/11/x86_64-apple-darwin19;/usr/local/Cellar/gcc/11.3.0_1/include/c++/11/backward;/usr/local/Cellar/gcc/11.3.0_1/lib/gcc/11/gcc/x86_64-apple-darwin19/11/include;/usr/local/Cellar/gcc/11.3.0_1/lib/gcc/11/gcc/x86_64-apple-darwin19/11/include-fixed;/Library/Developer/CommandLineTools/SDKs/MacOSX11.1.sdk/usr/include;/Library/Developer/CommandLineTools/SDKs/MacOSX11.1.sdk/System/Library/Frameworks]


Parsed CXX implicit link information from above output:
  link line regex: [^( *|.*[/\])(ld|CMAKE_LINK_STARTFILE-NOTFOUND|([^/\]+-)?ld|collect2)[^/\]*( |$)]
  ignore line: [Change Dir: /Users/2004np/Programming/lang/build/CMakeFiles/CMakeTmp]
  ignore line: []
  ignore line: [Run Build Command(s):/usr/local/bin/gmake -f Makefile cmTC_59a4d/fast && /usr/local/bin/gmake  -f CMakeFiles/cmTC_59a4d.dir/build.make CMakeFiles/cmTC_59a4d.dir/build]
  ignore line: [gmake[1]: Entering directory '/Users/2004np/Programming/lang/build/CMakeFiles/CMakeTmp']
  ignore line: [Building CXX object CMakeFiles/cmTC_59a4d.dir/CMakeCXXCompilerABI.cpp.o]
  ignore line: [/usr/local/bin/g++-11   -isysroot /Library/Developer/CommandLineTools/SDKs/MacOSX11.1.sdk -mmacosx-version-min=10.15   -v -Wl -v -o CMakeFiles/cmTC_59a4d.dir/CMakeCXXCompilerABI.cpp.o -c /opt/local/share/cmake-3.23/Modules/CMakeCXXCompilerABI.cpp]
  ignore line: [Using built-in specs.]
  ignore line: [COLLECT_GCC=/usr/local/bin/g++-11]
  ignore line: [Target: x86_64-apple-darwin19]
  ignore line: [Configured with: ../configure --prefix=/usr/local/opt/gcc --libdir=/usr/local/opt/gcc/lib/gcc/11 --disable-nls --enable-checking=release --with-gcc-major-version-only --enable-languages=c c++ objc obj-c++ fortran d --program-suffix=-11 --with-gmp=/usr/local/opt/gmp --with-mpfr=/usr/local/opt/mpfr --with-mpc=/usr/local/opt/libmpc --with-isl=/usr/local/opt/isl --with-zstd=/usr/local/opt/zstd --with-pkgversion='Homebrew GCC 11.3.0_1' --with-bugurl=https://github.com/Homebrew/homebrew-core/issues --enable-libphobos --build=x86_64-apple-darwin19 --with-system-zlib --with-sysroot=/Library/Developer/CommandLineTools/SDKs/MacOSX10.15.sdk]
  ignore line: [Thread model: posix]
  ignore line: [Supported LTO compression algorithms: zlib zstd]
  ignore line: [gcc version 11.3.0 (Homebrew GCC 11.3.0_1) ]
  ignore line: [COLLECT_GCC_OPTIONS='-isysroot' '/Library/Developer/CommandLineTools/SDKs/MacOSX11.1.sdk' '-v' '-o' 'CMakeFiles/cmTC_59a4d.dir/CMakeCXXCompilerABI.cpp.o' '-c' '-mmacosx-version-min=10.15' '-asm_macosx_version_min=10.15' '-nodefaultexport' '-shared-libgcc' '-mtune=core2' '-dumpdir' 'CMakeFiles/cmTC_59a4d.dir/']
  ignore line: [ /usr/local/Cellar/gcc/11.3.0_1/bin/../libexec/gcc/x86_64-apple-darwin19/11/cc1plus -quiet -v -iprefix /usr/local/Cellar/gcc/11.3.0_1/bin/../lib/gcc/11/gcc/x86_64-apple-darwin19/11/ -D__DYNAMIC__ -isysroot /Library/Developer/CommandLineTools/SDKs/MacOSX11.1.sdk /opt/local/share/cmake-3.23/Modules/CMakeCXXCompilerABI.cpp -fPIC -quiet -dumpdir CMakeFiles/cmTC_59a4d.dir/ -dumpbase CMakeCXXCompilerABI.cpp.cpp -dumpbase-ext .cpp -mmacosx-version-min=10.15 -mtune=core2 -version -o /var/folders/fl/z1s3p4z16r77230k27sj44jw0000gq/T//ccZzldVs.s]
  ignore line: [GNU C++17 (Homebrew GCC 11.3.0_1) version 11.3.0 (x86_64-apple-darwin19)]
  ignore line: [	compiled by GNU C version 11.3.0  GMP version 6.2.1  MPFR version 4.1.0  MPC version 1.2.1  isl version isl-0.25-GMP]
  ignore line: []
  ignore line: [warning: MPFR header version 4.1.0 differs from library version 4.2.0.]
  ignore line: [warning: MPC header version 1.2.1 differs from library version 1.3.1.]
  ignore line: [GGC heuristics: --param ggc-min-expand=100 --param ggc-min-heapsize=131072]
  ignore line: [ignoring nonexistent directory "/usr/local/Cellar/gcc/11.3.0_1/bin/../lib/gcc/11/gcc/x86_64-apple-darwin19/11/../../../../../../x86_64-apple-darwin19/include"]
  ignore line: [ignoring duplicate directory "/usr/local/Cellar/gcc/11.3.0_1/bin/../lib/gcc/11/gcc/../../../../lib/gcc/11/gcc/x86_64-apple-darwin19/11/../../../../../../include/c++/11"]
  ignore line: [ignoring duplicate directory "/usr/local/Cellar/gcc/11.3.0_1/bin/../lib/gcc/11/gcc/../../../../lib/gcc/11/gcc/x86_64-apple-darwin19/11/../../../../../../include/c++/11/x86_64-apple-darwin19"]
  ignore line: [ignoring duplicate directory "/usr/local/Cellar/gcc/11.3.0_1/bin/../lib/gcc/11/gcc/../../../../lib/gcc/11/gcc/x86_64-apple-darwin19/11/../../../../../../include/c++/11/backward"]
  ignore line: [ignoring duplicate directory "/usr/local/Cellar/gcc/11.3.0_1/bin/../lib/gcc/11/gcc/../../../../lib/gcc/11/gcc/x86_64-apple-darwin19/11/include"]
  ignore line: [ignoring nonexistent directory "/Library/Developer/CommandLineTools/SDKs/MacOSX11.1.sdk/usr/local/include"]
  ignore line: [ignoring duplicate directory "/usr/local/Cellar/gcc/11.3.0_1/bin/../lib/gcc/11/gcc/../../../../lib/gcc/11/gcc/x86_64-apple-darwin19/11/include-fixed"]
  ignore line: [ignoring nonexistent directory "/usr/local/Cellar/gcc/11.3.0_1/bin/../lib/gcc/11/gcc/../../../../lib/gcc/11/gcc/x86_64-apple-darwin19/11/../../../../../../x86_64-apple-darwin19/include"]
  ignore line: [ignoring nonexistent directory "/Library/Developer/CommandLineTools/SDKs/MacOSX11.1.sdk/Library/Frameworks"]
  ignore line: [#include "..." search starts here:]
  ignore line: [#include <...> search starts here:]
  ignore line: [ /usr/local/Cellar/gcc/11.3.0_1/bin/../lib/gcc/11/gcc/x86_64-apple-darwin19/11/../../../../../../include/c++/11]
  ignore line: [ /usr/local/Cellar/gcc/11.3.0_1/bin/../lib/gcc/11/gcc/x86_64-apple-darwin19/11/../../../../../../include/c++/11/x86_64-apple-darwin19]
  ignore line: [ /usr/local/Cellar/gcc/11.3.0_1/bin/../lib/gcc/11/gcc/x86_64-apple-darwin19/11/../../../../../../include/c++/11/backward]
  ignore line: [ /usr/local/Cellar/gcc/11.3.0_1/bin/../lib/gcc/11/gcc/x86_64-apple-darwin19/11/include]
  ignore line: [ /usr/local/Cellar/gcc/11.3.0_1/bin/../lib/gcc/11/gcc/x86_64-apple-darwin19/11/include-fixed]
  ignore line: [ /Library/Developer/CommandLineTools/SDKs/MacOSX11.1.sdk/usr/include]
  ignore line: [ /Library/Developer/CommandLineTools/SDKs/MacOSX11.1.sdk/System/Library/Frameworks]
  ignore line: [End of search list.]
  ignore line: [GNU C++17 (Homebrew GCC 11.3.0_1) version 11.3.0 (x86_64-apple-darwin19)]
  ignore line: [	compiled by GNU C version 11.3.0  GMP version 6.2.1  MPFR version 4.1.0  MPC version 1.2.1  isl version isl-0.25-GMP]
  ignore line: []
  ignore line: [warning: MPFR header version 4.1.0 differs from library version 4.2.0.]
  ignore line: [warning: MPC header version 1.2.1 differs from library version 1.3.1.]
  ignore line: [GGC heuristics: --param ggc-min-expand=100 --param ggc-min-heapsize=131072]
  ignore line: [Compiler executable checksum: 53d907d31ca1d622765a17f55a8aef6b]
  ignore line: [COLLECT_GCC_OPTIONS='-isysroot' '/Library/Developer/CommandLineTools/SDKs/MacOSX11.1.sdk' '-v' '-o' 'CMakeFiles/cmTC_59a4d.dir/CMakeCXXCompilerABI.cpp.o' '-c' '-mmacosx-version-min=10.15'  '-nodefaultexport' '-shared-libgcc' '-mtune=core2' '-dumpdir' 'CMakeFiles/cmTC_59a4d.dir/']
  ignore line: [ as -arch x86_64 -v -mmacosx-version-min=10.15 -force_cpusubtype_ALL -o CMakeFiles/cmTC_59a4d.dir/CMakeCXXCompilerABI.cpp.o /var/folders/fl/z1s3p4z16r77230k27sj44jw0000gq/T//ccZzldVs.s]
  ignore line: [Apple clang version 12.0.0 (clang-1200.0.32.29)]
  ignore line: [Target: x86_64-apple-darwin19.6.0]
  ignore line: [Thread model: posix]
  ignore line: [InstalledDir: /Library/Developer/CommandLineTools/usr/bin]
  ignore line: [ "/Library/Developer/CommandLineTools/usr/bin/clang" -cc1as -triple x86_64-apple-macosx10.15.0 -filetype obj -main-file-name ccZzldVs.s -target-cpu penryn -fdebug-compilation-dir /Users/2004np/Programming/lang/build/CMakeFiles/CMakeTmp -dwarf-debug-producer "Apple clang version 12.0.0 (clang-1200.0.32.29)" -dwarf-version=4 -mrelocation-model pic -o CMakeFiles/cmTC_59a4d.dir/CMakeCXXCompilerABI.cpp.o /var/folders/fl/z1s3p4z16r77230k27sj44jw0000gq/T//ccZzldVs.s]
  ignore line: [COMPILER_PATH=/usr/local/Cellar/gcc/11.3.0_1/bin/../libexec/gcc/x86_64-apple-darwin19/11/:/usr/local/Cellar/gcc/11.3.0_1/bin/../libexec/gcc/]
  ignore line: [LIBRARY_PATH=/usr/local/Cellar/gcc/11.3.0_1/bin/../lib/gcc/11/gcc/x86_64-apple-darwin19/11/:/usr/local/Cellar/gcc/11.3.0_1/bin/../lib/gcc/11/gcc/:/usr/local/Cellar/gcc/11.3.0_1/bin/../lib/gcc/11/gcc/x86_64-apple-darwin19/11/../../../]
  ignore line: [COLLECT_GCC_OPTIONS='-isysroot' '/Library/Developer/CommandLineTools/SDKs/MacOSX11.1.sdk' '-v' '-o' 'CMakeFiles/cmTC_59a4d.dir/CMakeCXXCompilerABI.cpp.o' '-c' '-mmacosx-version-min=10.15'  '-nodefaultexport' '-shared-libgcc' '-mtune=core2' '-dumpdir' 'CMakeFiles/cmTC_59a4d.dir/CMakeCXXCompilerABI.cpp.']
  ignore line: [Linking CXX executable cmTC_59a4d]
  ignore line: [/opt/local/bin/cmake -E cmake_link_script CMakeFiles/cmTC_59a4d.dir/link.txt --verbose=1]
  ignore line: [/usr/local/bin/g++-11  -isysroot /Library/Developer/CommandLineTools/SDKs/MacOSX11.1.sdk -mmacosx-version-min=10.15 -Wl -search_paths_first -Wl -headerpad_max_install_names  -v -Wl -v CMakeFiles/cmTC_59a4d.dir/CMakeCXXCompilerABI.cpp.o -o cmTC_59a4d ]
  ignore line: [Using built-in specs.]
  ignore line: [COLLECT_GCC=/usr/local/bin/g++-11]
  ignore line: [COLLECT_LTO_WRAPPER=/usr/local/Cellar/gcc/11.3.0_1/bin/../libexec/gcc/x86_64-apple-darwin19/11/lto-wrapper]
  ignore line: [Target: x86_64-apple-darwin19]
  ignore line: [Configured with: ../configure --prefix=/usr/local/opt/gcc --libdir=/usr/local/opt/gcc/lib/gcc/11 --disable-nls --enable-checking=release --with-gcc-major-version-only --enable-languages=c c++ objc obj-c++ fortran d --program-suffix=-11 --with-gmp=/usr/local/opt/gmp --with-mpfr=/usr/local/opt/mpfr --with-mpc=/usr/local/opt/libmpc --with-isl=/usr/local/opt/isl --with-zstd=/usr/local/opt/zstd --with-pkgversion='Homebrew GCC 11.3.0_1' --with-bugurl=https://github.com/Homebrew/homebrew-core/issues --enable-libphobos --build=x86_64-apple-darwin19 --with-system-zlib --with-sysroot=/Library/Developer/CommandLineTools/SDKs/MacOSX10.15.sdk]
  ignore line: [Thread model: posix]
  ignore line: [Supported LTO compression algorithms: zlib zstd]
  ignore line: [gcc version 11.3.0 (Homebrew GCC 11.3.0_1) ]
  ignore line: [COMPILER_PATH=/usr/local/Cellar/gcc/11.3.0_1/bin/../libexec/gcc/x86_64-apple-darwin19/11/:/usr/local/Cellar/gcc/11.3.0_1/bin/../libexec/gcc/]
  ignore line: [LIBRARY_PATH=/usr/local/Cellar/gcc/11.3.0_1/bin/../lib/gcc/11/gcc/x86_64-apple-darwin19/11/:/usr/local/Cellar/gcc/11.3.0_1/bin/../lib/gcc/11/gcc/:/usr/local/Cellar/gcc/11.3.0_1/bin/../lib/gcc/11/gcc/x86_64-apple-darwin19/11/../../../]
  ignore line: [COLLECT_GCC_OPTIONS='-isysroot' '/Library/Developer/CommandLineTools/SDKs/MacOSX11.1.sdk' '-v' '-o' 'cmTC_59a4d' '-mmacosx-version-min=10.15' '-asm_macosx_version_min=10.15' '-nodefaultexport' '-shared-libgcc' '-mtune=core2' '-dumpdir' 'cmTC_59a4d.']
  link line: [ /usr/local/Cellar/gcc/11.3.0_1/bin/../libexec/gcc/x86_64-apple-darwin19/11/collect2 -dynamic -arch x86_64 -syslibroot /Library/Developer/CommandLineTools/SDKs/MacOSX11.1.sdk -macosx_version_min 10.15 -o cmTC_59a4d -L/usr/local/Cellar/gcc/11.3.0_1/bin/../lib/gcc/11/gcc/x86_64-apple-darwin19/11 -L/usr/local/Cellar/gcc/11.3.0_1/bin/../lib/gcc/11/gcc -L/usr/local/Cellar/gcc/11.3.0_1/bin/../lib/gcc/11/gcc/x86_64-apple-darwin19/11/../../.. -search_paths_first -headerpad_max_install_names -v CMakeFiles/cmTC_59a4d.dir/CMakeCXXCompilerABI.cpp.o -lstdc++ -lemutls_w -lgcc -lSystem -no_compact_unwind]
    arg [/usr/local/Cellar/gcc/11.3.0_1/bin/../libexec/gcc/x86_64-apple-darwin19/11/collect2] ==> ignore
    arg [-dynamic] ==> ignore
    arg [-arch] ==> ignore
    arg [x86_64] ==> ignore
    arg [-syslibroot] ==> ignore
    arg [/Library/Developer/CommandLineTools/SDKs/MacOSX11.1.sdk] ==> ignore
    arg [-macosx_version_min] ==> ignore
    arg [10.15] ==> ignore
    arg [-o] ==> ignore
    arg [cmTC_59a4d] ==> ignore
    arg [-L/usr/local/Cellar/gcc/11.3.0_1/bin/../lib/gcc/11/gcc/x86_64-apple-darwin19/11] ==> dir [/usr/local/Cellar/gcc/11.3.0_1/bin/../lib/gcc/11/gcc/x86_64-apple-darwin19/11]
    arg [-L/usr/local/Cellar/gcc/11.3.0_1/bin/../lib/gcc/11/gcc] ==> dir [/usr/local/Cellar/gcc/11.3.0_1/bin/../lib/gcc/11/gcc]
    arg [-L/usr/local/Cellar/gcc/11.3.0_1/bin/../lib/gcc/11/gcc/x86_64-apple-darwin19/11/../../..] ==> dir [/usr/local/Cellar/gcc/11.3.0_1/bin/../lib/gcc/11/gcc/x86_64-apple-darwin19/11/../../..]
    arg [-search_paths_first] ==> ignore
    arg [-headerpad_max_install_names] ==> ignore
    arg [-v] ==> ignore
    arg [CMakeFiles/cmTC_59a4d.dir/CMakeCXXCompilerABI.cpp.o] ==> ignore
    arg [-lstdc++] ==> lib [stdc++]
    arg [-lemutls_w] ==> lib [emutls_w]
    arg [-lgcc] ==> lib [gcc]
    arg [-lSystem] ==> lib [System]
    arg [-no_compact_unwind] ==> ignore
  Library search paths: [;/usr/local/Cellar/gcc/11.3.0_1/lib/gcc/11/gcc/x86_64-apple-darwin19/11;/usr/local/Cellar/gcc/11.3.0_1/lib/gcc/11/gcc;/usr/local/Cellar/gcc/11.3.0_1/lib/gcc/11;/Library/Developer/CommandLineTools/SDKs/MacOSX11.1.sdk/usr/lib]
  Framework search paths: [;/Library/Developer/CommandLineTools/SDKs/MacOSX11.1.sdk/System/Library/Frameworks/]
  remove lib [System]
  collapse library dir [/usr/local/Cellar/gcc/11.3.0_1/bin/../lib/gcc/11/gcc/x86_64-apple-darwin19/11] ==> [/usr/local/Cellar/gcc/11.3.0_1/lib/gcc/11/gcc/x86_64-apple-darwin19/11]
  collapse library dir [/usr/local/Cellar/gcc/11.3.0_1/bin/../lib/gcc/11/gcc] ==> [/usr/local/Cellar/gcc/11.3.0_1/lib/gcc/11/gcc]
  collapse library dir [/usr/local/Cellar/gcc/11.3.0_1/bin/../lib/gcc/11/gcc/x86_64-apple-darwin19/11/../../..] ==> [/usr/local/Cellar/gcc/11.3.0_1/lib/gcc/11]
  collapse library dir [/usr/local/Cellar/gcc/11.3.0_1/lib/gcc/11/gcc/x86_64-apple-darwin19/11] ==> [/usr/local/Cellar/gcc/11.3.0_1/lib/gcc/11/gcc/x86_64-apple-darwin19/11]
  collapse library dir [/usr/local/Cellar/gcc/11.3.0_1/lib/gcc/11/gcc] ==> [/usr/local/Cellar/gcc/11.3.0_1/lib/gcc/11/gcc]
  collapse library dir [/usr/local/Cellar/gcc/11.3.0_1/lib/gcc/11] ==> [/usr/local/Cellar/gcc/11.3.0_1/lib/gcc/11]
  collapse library dir [/Library/Developer/CommandLineTools/SDKs/MacOSX11.1.sdk/usr/lib] ==> [/Library/Developer/CommandLineTools/SDKs/MacOSX11.1.sdk/usr/lib]
  collapse framework dir [/Library/Developer/CommandLineTools/SDKs/MacOSX11.1.sdk/System/Library/Frameworks/] ==> [/Library/Developer/CommandLineTools/SDKs/MacOSX11.1.sdk/System/Library/Frameworks]
  implicit libs: [stdc++;emutls_w;gcc]
  implicit objs: []
  implicit dirs: [/usr/local/Cellar/gcc/11.3.0_1/lib/gcc/11/gcc/x86_64-apple-darwin19/11;/usr/local/Cellar/gcc/11.3.0_1/lib/gcc/11/gcc;/usr/local/Cellar/gcc/11.3.0_1/lib/gcc/11;/Library/Developer/CommandLineTools/SDKs/MacOSX11.1.sdk/usr/lib]
  implicit fwks: [/Library/Developer/CommandLineTools/SDKs/MacOSX11.1.sdk/System/Library/Frameworks]


